Arguments: 
  /Users/illusionist/.nvm/versions/node/v14.20.1/bin/node /usr/local/Cellar/yarn/1.22.18/libexec/bin/yarn.js install

PATH: 
  /Users/illusionist/.npm/_npx/4188/bin:/Users/illusionist/miniconda/bin:/Users/illusionist/miniconda/condabin:/Users/illusionist/.sdkman/candidates/java/current/bin:/Users/illusionist/.sdkman/candidates/grails/current/bin:/Users/illusionist/mambaforge/bin:/opt/homebrew/Cellar/pyenv-virtualenv/1.2.1/shims:/Users/illusionist/.pyenv/shims:/Users/illusionist/.pyenv/bin:/Users/illusionist/Downloads/google-cloud-sdk/bin:/Users/illusionist/.nvm/versions/node/v14.20.1/bin:/opt/homebrew/bin:/opt/homebrew/sbin:/usr/local/bin:/System/Cryptexes/App/usr/bin:/usr/bin:/bin:/usr/sbin:/sbin:/usr/local/go/bin:/Library/Apple/usr/bin:/Users/illusionist/.local/bin:/Users/illusionist/Library/Python/3.9/bin:/usr/local/bin

Yarn version: 
  1.22.18

Node version: 
  14.20.1

Platform: 
  darwin x64

Trace: 
  Error: incorrect data check
      at Zlib.zlibOnError [as onerror] (zlib.js:187:17)

npm manifest: 
  {
    "name": "todo-app",
    "version": "1.0.0",
    "main": "node_modules/expo/AppEntry.js",
    "scripts": {
      "start": "expo start",
      "android": "expo start --android",
      "ios": "expo start --ios",
      "web": "expo start --web"
    },
    "dependencies": {
      "expo": "~47.0.12",
      "expo-status-bar": "~1.4.2",
      "react": "18.1.0",
      "react-native": "0.70.5"
    },
    "devDependencies": {
      "@babel/core": "^7.12.9"
    },
    "private": true
  }

yarn manifest: 
  No manifest

Lockfile: 
  No lockfile
